  [1m[36mSQL (0.4ms)[0m  [1mCREATE EXTENSION IF NOT EXISTS "plpgsql"[0m
  [1m[35m (35.1ms)[0m  CREATE TABLE "pins" ("id" serial primary key, "title" character varying, "url" character varying, "text" text, "slug" character varying, "resource_type" character varying) 
  [1m[36m (13.7ms)[0m  [1mCREATE TABLE "schema_migrations" ("version" character varying NOT NULL) [0m
  [1m[35m (15.8ms)[0m  CREATE UNIQUE INDEX  "unique_schema_migrations" ON "schema_migrations"  ("version")
  [1m[36m (0.9ms)[0m  [1mSELECT version FROM "schema_migrations"[0m
  [1m[35m (3.8ms)[0m  INSERT INTO "schema_migrations" (version) VALUES ('20150320022457')
  [1m[36m (5.5ms)[0m  [1mINSERT INTO "schema_migrations" (version) VALUES ('20150318194553')[0m
  [1m[35mSQL (0.6ms)[0m  CREATE EXTENSION IF NOT EXISTS "plpgsql"
  [1m[36m (29.0ms)[0m  [1mCREATE TABLE "pins" ("id" serial primary key, "title" character varying, "url" character varying, "text" text, "slug" character varying, "resource_type" character varying) [0m
  [1m[35m (13.4ms)[0m  CREATE TABLE "schema_migrations" ("version" character varying NOT NULL) 
  [1m[36m (13.9ms)[0m  [1mCREATE UNIQUE INDEX  "unique_schema_migrations" ON "schema_migrations"  ("version")[0m
  [1m[35m (1.0ms)[0m  SELECT version FROM "schema_migrations"
  [1m[36m (5.0ms)[0m  [1mINSERT INTO "schema_migrations" (version) VALUES ('20150320022457')[0m
  [1m[35m (6.7ms)[0m  INSERT INTO "schema_migrations" (version) VALUES ('20150318194553')
  [1m[36mActiveRecord::SchemaMigration Load (0.4ms)[0m  [1mSELECT "schema_migrations".* FROM "schema_migrations"[0m
  [1m[35m (0.4ms)[0m  BEGIN
  [1m[36mPin Exists (1.8ms)[0m  [1mSELECT  1 AS one FROM "pins" WHERE "pins"."slug" = 'rails-tutorial' LIMIT 1[0m
  [1m[35mSQL (0.7ms)[0m  INSERT INTO "pins" ("title", "url", "text", "slug", "resource_type") VALUES ($1, $2, $3, $4, $5) RETURNING "id"  [["title", "Rails Tutorial"], ["url", "https://www.railstutorial.org/"], ["text", "The trusted standard in self-directed introductions to Ruby on Rails. A complete treatment of all the essentials\n    required in most production Rails applications."], ["slug", "rails-tutorial"], ["resource_type", "rails"]]
  [1m[36m (4.5ms)[0m  [1mCOMMIT[0m
  [1m[35m (0.4ms)[0m  BEGIN
  [1m[36mPin Exists (0.6ms)[0m  [1mSELECT  1 AS one FROM "pins" WHERE "pins"."slug" = 'rails-for-zombies' LIMIT 1[0m
  [1m[35mSQL (0.2ms)[0m  INSERT INTO "pins" ("title", "url", "text", "slug", "resource_type") VALUES ($1, $2, $3, $4, $5) RETURNING "id"  [["title", "Rails for Zombies"], ["url", "http://railsforzombies.org"], ["text", "A fun, gamified way to hone your Rails skills! Come on...who doesn't like fighting zombies?!"], ["slug", "rails-for-zombies"], ["resource_type", "rails"]]
  [1m[36m (3.1ms)[0m  [1mCOMMIT[0m
  [1m[35m (0.3ms)[0m  BEGIN
  [1m[36mPin Exists (0.5ms)[0m  [1mSELECT  1 AS one FROM "pins" WHERE "pins"."slug" = 'try-ruby' LIMIT 1[0m
  [1m[35mSQL (0.3ms)[0m  INSERT INTO "pins" ("title", "url", "text", "slug", "resource_type") VALUES ($1, $2, $3, $4, $5) RETURNING "id"  [["title", "Try Ruby"], ["url", "http://tryruby.org/"], ["text", "An interactive, in-browser tutorial for the Ruby programming language. A thorough walkthrough of \n    Ruby's nuances, geared toward beginners."], ["slug", "try-ruby"], ["resource_type", "ruby"]]
  [1m[36m (4.2ms)[0m  [1mCOMMIT[0m
  [1m[35m (0.2ms)[0m  BEGIN
  [1m[36mPin Exists (0.5ms)[0m  [1mSELECT  1 AS one FROM "pins" WHERE "pins"."slug" = 'ruby-quiz' LIMIT 1[0m
  [1m[35mSQL (0.3ms)[0m  INSERT INTO "pins" ("title", "url", "text", "slug", "resource_type") VALUES ($1, $2, $3, $4, $5) RETURNING "id"  [["title", "Ruby Quiz"], ["url", "http://rubyquiz.org"], ["text", "A collection of quizzes on the Ruby programming language."], ["slug", "ruby-quiz"], ["resource_type", "ruby"]]
  [1m[36m (5.6ms)[0m  [1mCOMMIT[0m
  [1m[35m (0.3ms)[0m  BEGIN
  [1m[36mPin Exists (0.7ms)[0m  [1mSELECT  1 AS one FROM "pins" WHERE "pins"."slug" = 'ga-ror-for-developers' LIMIT 1[0m
  [1m[35mSQL (0.5ms)[0m  INSERT INTO "pins" ("title", "url", "text", "slug", "resource_type") VALUES ($1, $2, $3, $4, $5) RETURNING "id"  [["title", "Ruby on Rails for Developers"], ["url", "https://github.com/generalassembly/ga-ruby-on-rails-for-devs"], ["text", "Somewhat advanced curriculum, but the exercises are also good for anyone who is motivated and \n    self-guided with experience."], ["slug", "ga-ror-for-developers"], ["resource_type", "rails"]]
  [1m[36m (4.7ms)[0m  [1mCOMMIT[0m
  [1m[35m (0.6ms)[0m  BEGIN
  [1m[36mPin Exists (0.6ms)[0m  [1mSELECT  1 AS one FROM "pins" WHERE "pins"."slug" = 'ruby-monk' LIMIT 1[0m
  [1m[35mSQL (0.4ms)[0m  INSERT INTO "pins" ("title", "url", "text", "slug", "resource_type") VALUES ($1, $2, $3, $4, $5) RETURNING "id"  [["title", "Ruby Monk"], ["url", "http://rubymonk.com"], ["text", "The Ruby Primer is a free interactive book that helps you learn Ruby. Discover Ruby idioms, learn \n    lessons and solve problems, all in your browser!"], ["slug", "ruby-monk"], ["resource_type", "ruby"]]
  [1m[36m (3.6ms)[0m  [1mCOMMIT[0m


Started GET "/" for 127.0.0.1 at 2015-07-26 11:07:25 -0500
  [1m[36mActiveRecord::SchemaMigration Load (0.6ms)[0m  [1mSELECT "schema_migrations".* FROM "schema_migrations"[0m
Processing by PinsController#index as HTML
  [1m[35mPin Load (1.5ms)[0m  SELECT "pins".* FROM "pins"
  Rendered pins/index.erb within layouts/application (19.7ms)
Completed 200 OK in 723ms (Views: 695.6ms | ActiveRecord: 6.7ms)


Started GET "/assets/cosmo-bootswatch-theme-450effffe2a267bc84c90be0448c1ea9.css?body=1" for 127.0.0.1 at 2015-07-26 11:07:27 -0500


Started GET "/assets/pins-b30b909e9d01b9663dcd11792b6e9611.css?body=1" for 127.0.0.1 at 2015-07-26 11:07:27 -0500


Started GET "/assets/application-489eebbca1a073b44ce028d24cc7ad99.css?body=1" for 127.0.0.1 at 2015-07-26 11:07:27 -0500


Started GET "/assets/jquery-87424c3c19e96d4fb033c10ebe21ec40.js?body=1" for 127.0.0.1 at 2015-07-26 11:07:27 -0500


Started GET "/assets/jquery_ujs-e27bd20a10d28155845a22d71ef94f2f.js?body=1" for 127.0.0.1 at 2015-07-26 11:07:27 -0500


Started GET "/assets/turbolinks-f87b3583ca50adb0488b031297f5580d.js?body=1" for 127.0.0.1 at 2015-07-26 11:07:27 -0500


Started GET "/assets/application-bc105cf26f847567b5eae624a793b626.js?body=1" for 127.0.0.1 at 2015-07-26 11:07:27 -0500


Started GET "/pins/4" for 127.0.0.1 at 2015-07-26 11:19:55 -0500
Processing by PinsController#show as HTML
  Parameters: {"id"=>"4"}
  [1m[36mPin Load (1.7ms)[0m  [1mSELECT  "pins".* FROM "pins" WHERE "pins"."id" = $1 LIMIT 1[0m  [["id", 4]]
  Rendered pins/show.erb within layouts/application (43.9ms)
Completed 500 Internal Server Error in 86ms

ActionView::Template::Error (undefined local variable or method `pin' for #<#<Class:0x00000006712f90>:0x00000006140b30>):
    10:   <hr/>
    11:   <p>
    12:     <b>Visit <%= "#{@pin.title}" %> at: </b>
    13:     <a class="url" href="<%= "#{pin.url}" %>" target="_blank">
    14:       <%= "#{pin.url}" %>
    15:     </a>
    16:   </p>
  app/views/pins/show.erb:13:in `_app_views_pins_show_erb___1630093328368936392_50977140'


  Rendered /home/jason/.rvm/gems/ruby-2.1.6/gems/actionpack-4.2.0/lib/action_dispatch/middleware/templates/rescues/_source.erb (13.7ms)
  Rendered /home/jason/.rvm/gems/ruby-2.1.6/gems/actionpack-4.2.0/lib/action_dispatch/middleware/templates/rescues/_trace.html.erb (4.2ms)
  Rendered /home/jason/.rvm/gems/ruby-2.1.6/gems/actionpack-4.2.0/lib/action_dispatch/middleware/templates/rescues/_request_and_response.html.erb (2.5ms)
  Rendered /home/jason/.rvm/gems/ruby-2.1.6/gems/actionpack-4.2.0/lib/action_dispatch/middleware/templates/rescues/template_error.html.erb within rescues/layout (38.5ms)
  Rendered /home/jason/.rvm/gems/ruby-2.1.6/gems/web-console-2.1.2/lib/web_console/templates/_markup.html.erb (0.7ms)
  Rendered /home/jason/.rvm/gems/ruby-2.1.6/gems/web-console-2.1.2/lib/web_console/templates/style.css.erb within layouts/inlined_string (0.8ms)
  Rendered /home/jason/.rvm/gems/ruby-2.1.6/gems/web-console-2.1.2/lib/web_console/templates/_inner_console_markup.html.erb within layouts/inlined_string (0.4ms)
  Rendered /home/jason/.rvm/gems/ruby-2.1.6/gems/web-console-2.1.2/lib/web_console/templates/_prompt_box_markup.html.erb within layouts/inlined_string (1.1ms)
  Rendered /home/jason/.rvm/gems/ruby-2.1.6/gems/web-console-2.1.2/lib/web_console/templates/console.js.erb within layouts/javascript (22.4ms)
  Rendered /home/jason/.rvm/gems/ruby-2.1.6/gems/web-console-2.1.2/lib/web_console/templates/main.js.erb within layouts/javascript (0.4ms)
  Rendered /home/jason/.rvm/gems/ruby-2.1.6/gems/web-console-2.1.2/lib/web_console/templates/error_page.js.erb within layouts/javascript (0.9ms)
  Rendered /home/jason/.rvm/gems/ruby-2.1.6/gems/web-console-2.1.2/lib/web_console/templates/index.html.erb (54.7ms)


Started GET "/pins/4" for 127.0.0.1 at 2015-07-26 11:20:15 -0500
Processing by PinsController#show as HTML
  Parameters: {"id"=>"4"}
  [1m[35mPin Load (0.7ms)[0m  SELECT  "pins".* FROM "pins" WHERE "pins"."id" = $1 LIMIT 1  [["id", 4]]
  Rendered pins/show.erb within layouts/application (33.2ms)
Completed 500 Internal Server Error in 39ms

ActionView::Template::Error (undefined local variable or method `pin' for #<#<Class:0x00000006712f90>:0x000000032fbf68>):
    10:   <hr/>
    11:   <p>
    12:     <b>Visit <%= "#{@pin.title}" %> at: </b>
    13:     <a class="url" href="<%= "#{pin.url}" %>" target="_blank">
    14:       <%= "#{pin.url}" %>
    15:     </a>
    16:   </p>
  app/views/pins/show.erb:13:in `_app_views_pins_show_erb___1630093328368936392_26723940'


  Rendered /home/jason/.rvm/gems/ruby-2.1.6/gems/actionpack-4.2.0/lib/action_dispatch/middleware/templates/rescues/_source.erb (8.8ms)
  Rendered /home/jason/.rvm/gems/ruby-2.1.6/gems/actionpack-4.2.0/lib/action_dispatch/middleware/templates/rescues/_trace.html.erb (3.2ms)
  Rendered /home/jason/.rvm/gems/ruby-2.1.6/gems/actionpack-4.2.0/lib/action_dispatch/middleware/templates/rescues/_request_and_response.html.erb (1.1ms)
  Rendered /home/jason/.rvm/gems/ruby-2.1.6/gems/actionpack-4.2.0/lib/action_dispatch/middleware/templates/rescues/template_error.html.erb within rescues/layout (25.2ms)
  Rendered /home/jason/.rvm/gems/ruby-2.1.6/gems/web-console-2.1.2/lib/web_console/templates/_markup.html.erb (0.3ms)
  Rendered /home/jason/.rvm/gems/ruby-2.1.6/gems/web-console-2.1.2/lib/web_console/templates/style.css.erb within layouts/inlined_string (0.5ms)
  Rendered /home/jason/.rvm/gems/ruby-2.1.6/gems/web-console-2.1.2/lib/web_console/templates/_inner_console_markup.html.erb within layouts/inlined_string (0.3ms)
  Rendered /home/jason/.rvm/gems/ruby-2.1.6/gems/web-console-2.1.2/lib/web_console/templates/_prompt_box_markup.html.erb within layouts/inlined_string (0.2ms)
  Rendered /home/jason/.rvm/gems/ruby-2.1.6/gems/web-console-2.1.2/lib/web_console/templates/console.js.erb within layouts/javascript (14.6ms)
  Rendered /home/jason/.rvm/gems/ruby-2.1.6/gems/web-console-2.1.2/lib/web_console/templates/main.js.erb within layouts/javascript (0.5ms)
  Rendered /home/jason/.rvm/gems/ruby-2.1.6/gems/web-console-2.1.2/lib/web_console/templates/error_page.js.erb within layouts/javascript (0.5ms)
  Rendered /home/jason/.rvm/gems/ruby-2.1.6/gems/web-console-2.1.2/lib/web_console/templates/index.html.erb (31.6ms)


Started GET "/pins/4" for 127.0.0.1 at 2015-07-26 11:20:15 -0500
Processing by PinsController#show as HTML
  Parameters: {"id"=>"4"}
  [1m[36mPin Load (1.1ms)[0m  [1mSELECT  "pins".* FROM "pins" WHERE "pins"."id" = $1 LIMIT 1[0m  [["id", 4]]
  Rendered pins/show.erb within layouts/application (33.8ms)
Completed 500 Internal Server Error in 41ms

ActionView::Template::Error (undefined local variable or method `pin' for #<#<Class:0x00000006712f90>:0x00000006906360>):
    10:   <hr/>
    11:   <p>
    12:     <b>Visit <%= "#{@pin.title}" %> at: </b>
    13:     <a class="url" href="<%= "#{pin.url}" %>" target="_blank">
    14:       <%= "#{pin.url}" %>
    15:     </a>
    16:   </p>
  app/views/pins/show.erb:13:in `_app_views_pins_show_erb___1630093328368936392_50977140'


  Rendered /home/jason/.rvm/gems/ruby-2.1.6/gems/actionpack-4.2.0/lib/action_dispatch/middleware/templates/rescues/_source.erb (11.0ms)
  Rendered /home/jason/.rvm/gems/ruby-2.1.6/gems/actionpack-4.2.0/lib/action_dispatch/middleware/templates/rescues/_trace.html.erb (4.3ms)
  Rendered /home/jason/.rvm/gems/ruby-2.1.6/gems/actionpack-4.2.0/lib/action_dispatch/middleware/templates/rescues/_request_and_response.html.erb (1.9ms)
  Rendered /home/jason/.rvm/gems/ruby-2.1.6/gems/actionpack-4.2.0/lib/action_dispatch/middleware/templates/rescues/template_error.html.erb within rescues/layout (32.4ms)
  Rendered /home/jason/.rvm/gems/ruby-2.1.6/gems/web-console-2.1.2/lib/web_console/templates/_markup.html.erb (0.4ms)
  Rendered /home/jason/.rvm/gems/ruby-2.1.6/gems/web-console-2.1.2/lib/web_console/templates/style.css.erb within layouts/inlined_string (0.4ms)
  Rendered /home/jason/.rvm/gems/ruby-2.1.6/gems/web-console-2.1.2/lib/web_console/templates/_inner_console_markup.html.erb within layouts/inlined_string (0.5ms)
  Rendered /home/jason/.rvm/gems/ruby-2.1.6/gems/web-console-2.1.2/lib/web_console/templates/_prompt_box_markup.html.erb within layouts/inlined_string (0.5ms)
  Rendered /home/jason/.rvm/gems/ruby-2.1.6/gems/web-console-2.1.2/lib/web_console/templates/console.js.erb within layouts/javascript (16.3ms)
  Rendered /home/jason/.rvm/gems/ruby-2.1.6/gems/web-console-2.1.2/lib/web_console/templates/main.js.erb within layouts/javascript (0.6ms)
  Rendered /home/jason/.rvm/gems/ruby-2.1.6/gems/web-console-2.1.2/lib/web_console/templates/error_page.js.erb within layouts/javascript (0.6ms)
  Rendered /home/jason/.rvm/gems/ruby-2.1.6/gems/web-console-2.1.2/lib/web_console/templates/index.html.erb (35.5ms)


Started GET "/pins/1" for 127.0.0.1 at 2015-07-26 11:22:09 -0500
Processing by PinsController#show as HTML
  Parameters: {"id"=>"1"}
  [1m[35mPin Load (0.5ms)[0m  SELECT  "pins".* FROM "pins" WHERE "pins"."id" = $1 LIMIT 1  [["id", 1]]
  Rendered pins/show.erb within layouts/application (17.9ms)
Completed 500 Internal Server Error in 24ms

ActionView::Template::Error (undefined local variable or method `pin' for #<#<Class:0x00000006712f90>:0x00000006343130>):
    10:   <hr/>
    11:   <p>
    12:     <b>Visit <%= "#{@pin.title}" %> at: </b>
    13:     <a class="url" href="<%= "#{pin.url}" %>" target="_blank">
    14:       <%= "#{pin.url}" %>
    15:     </a>
    16:   </p>
  app/views/pins/show.erb:13:in `_app_views_pins_show_erb___1630093328368936392_26723940'


  Rendered /home/jason/.rvm/gems/ruby-2.1.6/gems/actionpack-4.2.0/lib/action_dispatch/middleware/templates/rescues/_source.erb (9.1ms)
  Rendered /home/jason/.rvm/gems/ruby-2.1.6/gems/actionpack-4.2.0/lib/action_dispatch/middleware/templates/rescues/_trace.html.erb (3.6ms)
  Rendered /home/jason/.rvm/gems/ruby-2.1.6/gems/actionpack-4.2.0/lib/action_dispatch/middleware/templates/rescues/_request_and_response.html.erb (1.1ms)
  Rendered /home/jason/.rvm/gems/ruby-2.1.6/gems/actionpack-4.2.0/lib/action_dispatch/middleware/templates/rescues/template_error.html.erb within rescues/layout (25.8ms)
  Rendered /home/jason/.rvm/gems/ruby-2.1.6/gems/web-console-2.1.2/lib/web_console/templates/_markup.html.erb (0.3ms)
  Rendered /home/jason/.rvm/gems/ruby-2.1.6/gems/web-console-2.1.2/lib/web_console/templates/style.css.erb within layouts/inlined_string (0.5ms)
  Rendered /home/jason/.rvm/gems/ruby-2.1.6/gems/web-console-2.1.2/lib/web_console/templates/_inner_console_markup.html.erb within layouts/inlined_string (0.3ms)
  Rendered /home/jason/.rvm/gems/ruby-2.1.6/gems/web-console-2.1.2/lib/web_console/templates/_prompt_box_markup.html.erb within layouts/inlined_string (0.3ms)
  Rendered /home/jason/.rvm/gems/ruby-2.1.6/gems/web-console-2.1.2/lib/web_console/templates/console.js.erb within layouts/javascript (15.3ms)
  Rendered /home/jason/.rvm/gems/ruby-2.1.6/gems/web-console-2.1.2/lib/web_console/templates/main.js.erb within layouts/javascript (0.3ms)
  Rendered /home/jason/.rvm/gems/ruby-2.1.6/gems/web-console-2.1.2/lib/web_console/templates/error_page.js.erb within layouts/javascript (0.7ms)
  Rendered /home/jason/.rvm/gems/ruby-2.1.6/gems/web-console-2.1.2/lib/web_console/templates/index.html.erb (31.0ms)


Started GET "/pins/1" for 127.0.0.1 at 2015-07-26 11:22:09 -0500
Processing by PinsController#show as HTML
  Parameters: {"id"=>"1"}
  [1m[36mPin Load (0.6ms)[0m  [1mSELECT  "pins".* FROM "pins" WHERE "pins"."id" = $1 LIMIT 1[0m  [["id", 1]]
  Rendered pins/show.erb within layouts/application (25.1ms)
Completed 500 Internal Server Error in 29ms

ActionView::Template::Error (undefined local variable or method `pin' for #<#<Class:0x00000006712f90>:0x00000005ef9bb0>):
    10:   <hr/>
    11:   <p>
    12:     <b>Visit <%= "#{@pin.title}" %> at: </b>
    13:     <a class="url" href="<%= "#{pin.url}" %>" target="_blank">
    14:       <%= "#{pin.url}" %>
    15:     </a>
    16:   </p>
  app/views/pins/show.erb:13:in `_app_views_pins_show_erb___1630093328368936392_50977140'


  Rendered /home/jason/.rvm/gems/ruby-2.1.6/gems/actionpack-4.2.0/lib/action_dispatch/middleware/templates/rescues/_source.erb (10.2ms)
  Rendered /home/jason/.rvm/gems/ruby-2.1.6/gems/actionpack-4.2.0/lib/action_dispatch/middleware/templates/rescues/_trace.html.erb (3.9ms)
  Rendered /home/jason/.rvm/gems/ruby-2.1.6/gems/actionpack-4.2.0/lib/action_dispatch/middleware/templates/rescues/_request_and_response.html.erb (1.2ms)
  Rendered /home/jason/.rvm/gems/ruby-2.1.6/gems/actionpack-4.2.0/lib/action_dispatch/middleware/templates/rescues/template_error.html.erb within rescues/layout (29.8ms)
  Rendered /home/jason/.rvm/gems/ruby-2.1.6/gems/web-console-2.1.2/lib/web_console/templates/_markup.html.erb (0.5ms)
  Rendered /home/jason/.rvm/gems/ruby-2.1.6/gems/web-console-2.1.2/lib/web_console/templates/style.css.erb within layouts/inlined_string (21.8ms)
  Rendered /home/jason/.rvm/gems/ruby-2.1.6/gems/web-console-2.1.2/lib/web_console/templates/_inner_console_markup.html.erb within layouts/inlined_string (0.3ms)
  Rendered /home/jason/.rvm/gems/ruby-2.1.6/gems/web-console-2.1.2/lib/web_console/templates/_prompt_box_markup.html.erb within layouts/inlined_string (0.2ms)
  Rendered /home/jason/.rvm/gems/ruby-2.1.6/gems/web-console-2.1.2/lib/web_console/templates/console.js.erb within layouts/javascript (35.8ms)
  Rendered /home/jason/.rvm/gems/ruby-2.1.6/gems/web-console-2.1.2/lib/web_console/templates/main.js.erb within layouts/javascript (0.7ms)
  Rendered /home/jason/.rvm/gems/ruby-2.1.6/gems/web-console-2.1.2/lib/web_console/templates/error_page.js.erb within layouts/javascript (1.1ms)
  Rendered /home/jason/.rvm/gems/ruby-2.1.6/gems/web-console-2.1.2/lib/web_console/templates/index.html.erb (56.3ms)


Started GET "/pins/1" for 127.0.0.1 at 2015-07-26 11:37:43 -0500
Processing by PinsController#show as HTML
  Parameters: {"id"=>"1"}
  [1m[35mPin Load (0.4ms)[0m  SELECT  "pins".* FROM "pins" WHERE "pins"."id" = $1 LIMIT 1  [["id", 1]]
  Rendered pins/show.erb within layouts/application (0.6ms)
Completed 200 OK in 53ms (Views: 50.8ms | ActiveRecord: 0.4ms)


Started GET "/pins/2" for 127.0.0.1 at 2015-07-26 11:37:50 -0500
Processing by PinsController#show as HTML
  Parameters: {"id"=>"2"}
  [1m[36mPin Load (0.5ms)[0m  [1mSELECT  "pins".* FROM "pins" WHERE "pins"."id" = $1 LIMIT 1[0m  [["id", 2]]
  Rendered pins/show.erb within layouts/application (0.1ms)
Completed 200 OK in 63ms (Views: 61.5ms | ActiveRecord: 0.5ms)


Started GET "/pins/1" for 127.0.0.1 at 2015-07-26 12:24:17 -0500
Processing by PinsController#show as HTML
  Parameters: {"id"=>"1"}
  [1m[35mPin Load (0.4ms)[0m  SELECT  "pins".* FROM "pins" WHERE "pins"."id" = $1 LIMIT 1  [["id", 1]]
  Rendered pins/show.erb within layouts/application (0.3ms)
Completed 200 OK in 72ms (Views: 69.3ms | ActiveRecord: 0.4ms)


Started GET "/" for 127.0.0.1 at 2015-07-26 12:24:19 -0500
Processing by PinsController#index as HTML
  [1m[36mPin Load (0.6ms)[0m  [1mSELECT "pins".* FROM "pins"[0m
  Rendered pins/index.erb within layouts/application (4.2ms)
Completed 200 OK in 57ms (Views: 55.8ms | ActiveRecord: 0.6ms)
